Using pre-set license
Built from '2020.2/release' branch; Version is '2020.2.0f1 (3721df5a8b28) revision 3613151'; Using compiler version '192528614'; Build Type 'Release'
OS: 'Windows 10  (10.0.0) 64bit' Language: 'ko' Physical Memory: 8075 MB
BatchMode: 1, IsHumanControllingUs: 0, StartBugReporterOnCrash: 0, Is64bit: 1, IsPro: 0

 COMMAND LINE ARGUMENTS:
D:\Unity\2020.2.0f1\Editor\Unity.exe
-adb2
-batchMode
-noUpm
-name
AssetImportWorker1
-projectPath
D:/Unity Projects/Fast_Campus
-logFile
Logs/AssetImportWorker1.log
-srvPort
51130
Successfully changed project path to: D:/Unity Projects/Fast_Campus
D:/Unity Projects/Fast_Campus
Using Asset Import Pipeline V2.
Refreshing native plugins compatible for Editor in 36.17 ms, found 0 plugins.
Preloading 0 native plugins for Editor in 0.00 ms.
Initialize engine version: 2020.2.0f1 (3721df5a8b28)
[Subsystems] Discovering subsystems at path D:/Unity/2020.2.0f1/Editor/Data/Resources/UnitySubsystems
[Subsystems] Discovering subsystems at path D:/Unity Projects/Fast_Campus/Assets
GfxDevice: creating device client; threaded=0
Direct3D:
    Version:  Direct3D 11.0 [level 11.0]
    Renderer: NVIDIA GeForce GTX 950M (ID=0x139a)
    Vendor:   
    VRAM:     2010 MB
    Driver:   27.21.14.6172
Initialize mono
Mono path[0] = 'D:/Unity/2020.2.0f1/Editor/Data/Managed'
Mono path[1] = 'D:/Unity/2020.2.0f1/Editor/Data/MonoBleedingEdge/lib/mono/unityjit'
Mono config path = 'D:/Unity/2020.2.0f1/Editor/Data/MonoBleedingEdge/etc'
Using monoOptions --debugger-agent=transport=dt_socket,embedding=1,server=y,suspend=n,address=127.0.0.1:56976
Begin MonoManager ReloadAssembly
Registering precompiled unity dll's ...
Register platform support module: D:/Unity/2020.2.0f1/Editor/Data/PlaybackEngines/WindowsStandaloneSupport/UnityEditor.WindowsStandalone.Extensions.dll
Register platform support module: D:/Unity/2020.2.0f1/Editor/Data/PlaybackEngines/LinuxStandaloneSupport/UnityEditor.LinuxStandalone.Extensions.dll
Registered in 0.001554 seconds.
Native extension for LinuxStandalone target not found
Native extension for WindowsStandalone target not found
Refreshing native plugins compatible for Editor in 34.55 ms, found 0 plugins.
Preloading 0 native plugins for Editor in 0.00 ms.
Invoked RoslynAnalysisRunner static constructor.
RoslynAnalysisRunner will not be running.
RoslynAnalysisRunner has terminated.
Mono: successfully reloaded assembly
- Completed reload, in  2.279 seconds
Platform modules already initialized, skipping
Registering precompiled user dll's ...
Registered in 0.000916 seconds.
Begin MonoManager ReloadAssembly
Native extension for LinuxStandalone target not found
Native extension for WindowsStandalone target not found
Refreshing native plugins compatible for Editor in 0.27 ms, found 0 plugins.
Preloading 0 native plugins for Editor in 0.00 ms.
Invoked RoslynAnalysisRunner static constructor.
RoslynAnalysisRunner will not be running.
RoslynAnalysisRunner has terminated.
Mono: successfully reloaded assembly
- Completed reload, in  2.226 seconds
Platform modules already initialized, skipping
========================================================================
Worker process is ready to serve import requests
Launched and connected shader compiler UnityShaderCompiler.exe after 0.13 seconds
Refreshing native plugins compatible for Editor in 0.42 ms, found 0 plugins.
Preloading 0 native plugins for Editor in 0.00 ms.
Unloading 1104 Unused Serialized files (Serialized files now loaded: 0)
System memory in use before: 59.5 MB.
System memory in use after: 59.5 MB.

Unloading 10 unused Assets to reduce memory usage. Loaded Objects now: 1547.
Total: 3.750100 ms (FindLiveObjects: 0.634600 ms CreateObjectMapping: 0.237700 ms MarkObjects: 2.782900 ms  DeleteObjects: 0.093500 ms)

========================================================================
Received Import Request.
  path: ProjectSettings/TagManager.asset
  artifactKey: Guid(00000000000000003000000000000000) Importer(815301076,1909f56bfc062723c751e8b465ee728b)
Start importing ProjectSettings/TagManager.asset using Guid(00000000000000003000000000000000) Importer(815301076,1909f56bfc062723c751e8b465ee728b)  -> (artifact id: 'b98fd8004d35ac781d9a371730e19823') in 0.149453 seconds
  Import took 0.166239 seconds .

========================================================================
Received Import Request.
  Time since last request: 55.343878 seconds.
  path: Assets/Scripts/Enemy.cs
  artifactKey: Guid(f752168d98558e6488a0375b80434c59) Importer(815301076,1909f56bfc062723c751e8b465ee728b)
Start importing Assets/Scripts/Enemy.cs using Guid(f752168d98558e6488a0375b80434c59) Importer(815301076,1909f56bfc062723c751e8b465ee728b)  -> (artifact id: '99dee43ceae6534afe6afd2a829300a6') in 0.029127 seconds
  Import took 0.053109 seconds .

========================================================================
Received Import Request.
  Time since last request: 2.308051 seconds.
  path: Assets/Scripts/Enemy.cs
  artifactKey: Guid(f752168d98558e6488a0375b80434c59) Importer(815301076,1909f56bfc062723c751e8b465ee728b)
Start importing Assets/Scripts/Enemy.cs using Guid(f752168d98558e6488a0375b80434c59) Importer(815301076,1909f56bfc062723c751e8b465ee728b)  -> (artifact id: '99dee43ceae6534afe6afd2a829300a6') in 0.004842 seconds
  Import took 0.021226 seconds .

========================================================================
Received Import Request.
  Time since last request: 0.019174 seconds.
  path: Assets/Scripts/Bullet.cs
  artifactKey: Guid(ee6d34faeb28c944999a4c8220b07612) Importer(815301076,1909f56bfc062723c751e8b465ee728b)
Start importing Assets/Scripts/Bullet.cs using Guid(ee6d34faeb28c944999a4c8220b07612) Importer(815301076,1909f56bfc062723c751e8b465ee728b)  -> (artifact id: '3cc8c6e42897fd19db8a777ef5a96ced') in 0.025310 seconds
  Import took 0.044994 seconds .

========================================================================
Received Import Request.
  Time since last request: 77.889581 seconds.
  path: Assets/Resources/Prefabs/Enemy.prefab
  artifactKey: Guid(af4b6d719274bc841b44b1ecc4dfb174) Importer(815301076,1909f56bfc062723c751e8b465ee728b)
Start importing Assets/Resources/Prefabs/Enemy.prefab using Guid(af4b6d719274bc841b44b1ecc4dfb174) Importer(815301076,1909f56bfc062723c751e8b465ee728b)  -> (artifact id: 'cfe5b424cfa39447c528ab782480d80c') in 0.378780 seconds
  Import took 0.388399 seconds .

========================================================================
Received Import Request.
  Time since last request: 0.118288 seconds.
  path: Assets/Resources/Prefabs/EnemyBullet.prefab
  artifactKey: Guid(203761e862ffcf547b74a43e4b259f27) Importer(815301076,1909f56bfc062723c751e8b465ee728b)
Start importing Assets/Resources/Prefabs/EnemyBullet.prefab using Guid(203761e862ffcf547b74a43e4b259f27) Importer(815301076,1909f56bfc062723c751e8b465ee728b)  -> (artifact id: 'ec803248c01aa43e92ec805c4b9bc643') in 0.073431 seconds
  Import took 0.099891 seconds .

========================================================================
Received Import Request.
  Time since last request: 1.224134 seconds.
  path: Assets/Resources/Prefabs/Player.prefab
  artifactKey: Guid(010c5c807b4e2a242bef49b2b612ac51) Importer(815301076,1909f56bfc062723c751e8b465ee728b)
Start importing Assets/Resources/Prefabs/Player.prefab using Guid(010c5c807b4e2a242bef49b2b612ac51) Importer(815301076,1909f56bfc062723c751e8b465ee728b)  -> (artifact id: '2a167cc69cc0987fb10788283316eac0') in 0.154770 seconds
  Import took 0.162722 seconds .

========================================================================
Received Import Request.
  Time since last request: 52.491814 seconds.
  path: Assets/Resources/Prefabs/EnemyBullet.prefab
  artifactKey: Guid(203761e862ffcf547b74a43e4b259f27) Importer(815301076,1909f56bfc062723c751e8b465ee728b)
Start importing Assets/Resources/Prefabs/EnemyBullet.prefab using Guid(203761e862ffcf547b74a43e4b259f27) Importer(815301076,1909f56bfc062723c751e8b465ee728b)  -> (artifact id: '68226ce0d5531fefb1b9f950a7917f93') in 0.025879 seconds
  Import took 0.068878 seconds .

========================================================================
Received Import Request.
  Time since last request: 17.249667 seconds.
  path: Assets/Scripts/InputController.cs
  artifactKey: Guid(144ae35632f788140bc0de2be3b256c4) Importer(815301076,1909f56bfc062723c751e8b465ee728b)
Start importing Assets/Scripts/InputController.cs using Guid(144ae35632f788140bc0de2be3b256c4) Importer(815301076,1909f56bfc062723c751e8b465ee728b)  -> (artifact id: 'a086e9a00abafa1f5100c4d6366ff582') in 0.010873 seconds
  Import took 0.029686 seconds .

========================================================================
Received Import Request.
  Time since last request: 0.363988 seconds.
  path: Assets/Scripts/EnemyManager.cs
  artifactKey: Guid(02c71a04737caa94ca5f4ec60de04227) Importer(815301076,1909f56bfc062723c751e8b465ee728b)
Start importing Assets/Scripts/EnemyManager.cs using Guid(02c71a04737caa94ca5f4ec60de04227) Importer(815301076,1909f56bfc062723c751e8b465ee728b)  -> (artifact id: '0a03c7cc94e69b58203bf0a83ca59d13') in 0.015336 seconds
  Import took 0.045434 seconds .

========================================================================
Received Import Request.
  Time since last request: 866.699953 seconds.
  path: Assets/Scripts/EnemyFactory.cs
  artifactKey: Guid(ff77614ccf462d8428126bc8bd070742) Importer(815301076,1909f56bfc062723c751e8b465ee728b)
Start importing Assets/Scripts/EnemyFactory.cs using Guid(ff77614ccf462d8428126bc8bd070742) Importer(815301076,1909f56bfc062723c751e8b465ee728b)  -> (artifact id: '6b4921054f17ca5303c450e2fc761b7a') in 0.028235 seconds
  Import took 0.031930 seconds .

========================================================================
Received Import Request.
  Time since last request: 18.018289 seconds.
  path: Assets/Scripts/Enemy.cs
  artifactKey: Guid(f752168d98558e6488a0375b80434c59) Importer(815301076,1909f56bfc062723c751e8b465ee728b)
Start importing Assets/Scripts/Enemy.cs using Guid(f752168d98558e6488a0375b80434c59) Importer(815301076,1909f56bfc062723c751e8b465ee728b)  -> (artifact id: '8ad11c1984d986cb7b324e0b72684825') in 0.012102 seconds
  Import took 0.017163 seconds .

========================================================================
Received Import Request.
  Time since last request: 14.973444 seconds.
  path: Assets/Scripts/Enemy.cs
  artifactKey: Guid(f752168d98558e6488a0375b80434c59) Importer(815301076,1909f56bfc062723c751e8b465ee728b)
Start importing Assets/Scripts/Enemy.cs using Guid(f752168d98558e6488a0375b80434c59) Importer(815301076,1909f56bfc062723c751e8b465ee728b)  -> (artifact id: '5804da41eda525b8d93c363f8a34e5da') in 0.020130 seconds
  Import took 0.069337 seconds .

========================================================================
Received Import Request.
  Time since last request: 12.437594 seconds.
  path: Assets/Scripts/Enemy.cs
  artifactKey: Guid(f752168d98558e6488a0375b80434c59) Importer(815301076,1909f56bfc062723c751e8b465ee728b)
Start importing Assets/Scripts/Enemy.cs using Guid(f752168d98558e6488a0375b80434c59) Importer(815301076,1909f56bfc062723c751e8b465ee728b)  -> (artifact id: '6df592e9f425a110a9d0f7b4b9198e26') in 0.024177 seconds
  Import took 0.027888 seconds .

========================================================================
Received Import Request.
  Time since last request: 9.878114 seconds.
  path: Assets/Scripts/Enemy.cs
  artifactKey: Guid(f752168d98558e6488a0375b80434c59) Importer(815301076,1909f56bfc062723c751e8b465ee728b)
Start importing Assets/Scripts/Enemy.cs using Guid(f752168d98558e6488a0375b80434c59) Importer(815301076,1909f56bfc062723c751e8b465ee728b)  -> (artifact id: 'ca12ce55fce23612fd68e2685cd1a9a4') in 0.006067 seconds
  Import took 0.009738 seconds .

========================================================================
Received Import Request.
  Time since last request: 6.849006 seconds.
  path: Assets/Scripts/Enemy.cs
  artifactKey: Guid(f752168d98558e6488a0375b80434c59) Importer(815301076,1909f56bfc062723c751e8b465ee728b)
Start importing Assets/Scripts/Enemy.cs using Guid(f752168d98558e6488a0375b80434c59) Importer(815301076,1909f56bfc062723c751e8b465ee728b)  -> (artifact id: '20a7cece301a593147cc277c7444464a') in 0.025157 seconds
  Import took 0.035998 seconds .

========================================================================
Received Prepare
Registering precompiled user dll's ...
Registered in 0.000786 seconds.
Begin MonoManager ReloadAssembly
Native extension for LinuxStandalone target not found
Native extension for WindowsStandalone target not found
Refreshing native plugins compatible for Editor in 0.33 ms, found 0 plugins.
Preloading 0 native plugins for Editor in 0.00 ms.
Invoked RoslynAnalysisRunner static constructor.
RoslynAnalysisRunner will not be running.
RoslynAnalysisRunner has terminated.
Mono: successfully reloaded assembly
- Completed reload, in  1.266 seconds
Platform modules already initialized, skipping
Refreshing native plugins compatible for Editor in 0.41 ms, found 0 plugins.
Preloading 0 native plugins for Editor in 0.00 ms.
Unloading 1099 Unused Serialized files (Serialized files now loaded: 0)
System memory in use before: 62.8 MB.
System memory in use after: 62.9 MB.

Unloading 7 unused Assets to reduce memory usage. Loaded Objects now: 1557.
Total: 2.064100 ms (FindLiveObjects: 0.187500 ms CreateObjectMapping: 0.042500 ms MarkObjects: 1.705700 ms  DeleteObjects: 0.127000 ms)

========================================================================
Received Import Request.
  Time since last request: 76.070203 seconds.
  path: Assets/Resources/Prefabs/Enemy.prefab
  artifactKey: Guid(af4b6d719274bc841b44b1ecc4dfb174) Importer(815301076,1909f56bfc062723c751e8b465ee728b)
Start importing Assets/Resources/Prefabs/Enemy.prefab using Guid(af4b6d719274bc841b44b1ecc4dfb174) Importer(815301076,1909f56bfc062723c751e8b465ee728b)  -> (artifact id: '333823c24f9919a50b32edd2bb6ca544') in 0.159433 seconds
  Import took 0.162142 seconds .

========================================================================
Received Prepare
Registering precompiled user dll's ...
Registered in 0.000814 seconds.
Begin MonoManager ReloadAssembly
Native extension for LinuxStandalone target not found
Native extension for WindowsStandalone target not found
Refreshing native plugins compatible for Editor in 0.25 ms, found 0 plugins.
Preloading 0 native plugins for Editor in 0.00 ms.
Invoked RoslynAnalysisRunner static constructor.
RoslynAnalysisRunner will not be running.
RoslynAnalysisRunner has terminated.
Mono: successfully reloaded assembly
- Completed reload, in  1.415 seconds
Platform modules already initialized, skipping
Refreshing native plugins compatible for Editor in 0.43 ms, found 0 plugins.
Preloading 0 native plugins for Editor in 0.00 ms.
Unloading 1099 Unused Serialized files (Serialized files now loaded: 0)
System memory in use before: 63.0 MB.
System memory in use after: 63.1 MB.

Unloading 5 unused Assets to reduce memory usage. Loaded Objects now: 1560.
Total: 2.294700 ms (FindLiveObjects: 0.239100 ms CreateObjectMapping: 0.140900 ms MarkObjects: 1.857100 ms  DeleteObjects: 0.056300 ms)

========================================================================
Received Prepare
Registering precompiled user dll's ...
Registered in 0.000813 seconds.
Begin MonoManager ReloadAssembly
Native extension for LinuxStandalone target not found
Native extension for WindowsStandalone target not found
Refreshing native plugins compatible for Editor in 0.26 ms, found 0 plugins.
Preloading 0 native plugins for Editor in 0.00 ms.
Invoked RoslynAnalysisRunner static constructor.
RoslynAnalysisRunner will not be running.
RoslynAnalysisRunner has terminated.
Mono: successfully reloaded assembly
- Completed reload, in  1.429 seconds
Platform modules already initialized, skipping
Refreshing native plugins compatible for Editor in 0.31 ms, found 0 plugins.
Preloading 0 native plugins for Editor in 0.00 ms.
Unloading 1099 Unused Serialized files (Serialized files now loaded: 0)
System memory in use before: 63.2 MB.
System memory in use after: 63.3 MB.

Unloading 5 unused Assets to reduce memory usage. Loaded Objects now: 1562.
Total: 2.126000 ms (FindLiveObjects: 0.134600 ms CreateObjectMapping: 0.040300 ms MarkObjects: 1.858900 ms  DeleteObjects: 0.091100 ms)

========================================================================
Received Prepare
Registering precompiled user dll's ...
Registered in 0.001141 seconds.
Begin MonoManager ReloadAssembly
Native extension for LinuxStandalone target not found
Native extension for WindowsStandalone target not found
Refreshing native plugins compatible for Editor in 1.04 ms, found 0 plugins.
Preloading 0 native plugins for Editor in 0.00 ms.
Invoked RoslynAnalysisRunner static constructor.
RoslynAnalysisRunner will not be running.
RoslynAnalysisRunner has terminated.
Mono: successfully reloaded assembly
- Completed reload, in  1.490 seconds
Platform modules already initialized, skipping
Refreshing native plugins compatible for Editor in 0.26 ms, found 0 plugins.
Preloading 0 native plugins for Editor in 0.00 ms.
Unloading 1099 Unused Serialized files (Serialized files now loaded: 0)
System memory in use before: 63.4 MB.
System memory in use after: 63.5 MB.

Unloading 5 unused Assets to reduce memory usage. Loaded Objects now: 1564.
Total: 3.845700 ms (FindLiveObjects: 0.234400 ms CreateObjectMapping: 0.183100 ms MarkObjects: 3.350200 ms  DeleteObjects: 0.075800 ms)

========================================================================
Received Prepare
Registering precompiled user dll's ...
Registered in 0.000926 seconds.
Begin MonoManager ReloadAssembly
Native extension for LinuxStandalone target not found
Native extension for WindowsStandalone target not found
Refreshing native plugins compatible for Editor in 0.27 ms, found 0 plugins.
Preloading 0 native plugins for Editor in 0.00 ms.
Invoked RoslynAnalysisRunner static constructor.
RoslynAnalysisRunner will not be running.
RoslynAnalysisRunner has terminated.
Mono: successfully reloaded assembly
- Completed reload, in  1.440 seconds
Platform modules already initialized, skipping
Refreshing native plugins compatible for Editor in 0.72 ms, found 0 plugins.
Preloading 0 native plugins for Editor in 0.00 ms.
Unloading 1099 Unused Serialized files (Serialized files now loaded: 0)
System memory in use before: 63.5 MB.
System memory in use after: 63.5 MB.

Unloading 5 unused Assets to reduce memory usage. Loaded Objects now: 1566.
Total: 2.307800 ms (FindLiveObjects: 0.149000 ms CreateObjectMapping: 0.044100 ms MarkObjects: 2.020500 ms  DeleteObjects: 0.092800 ms)

========================================================================
Received Prepare
Registering precompiled user dll's ...
Registered in 0.000776 seconds.
Begin MonoManager ReloadAssembly
Native extension for LinuxStandalone target not found
Native extension for WindowsStandalone target not found
Refreshing native plugins compatible for Editor in 0.24 ms, found 0 plugins.
Preloading 0 native plugins for Editor in 0.00 ms.
Invoked RoslynAnalysisRunner static constructor.
RoslynAnalysisRunner will not be running.
RoslynAnalysisRunner has terminated.
Mono: successfully reloaded assembly
- Completed reload, in  1.229 seconds
Platform modules already initialized, skipping
Refreshing native plugins compatible for Editor in 0.25 ms, found 0 plugins.
Preloading 0 native plugins for Editor in 0.00 ms.
Unloading 1099 Unused Serialized files (Serialized files now loaded: 0)
System memory in use before: 63.8 MB.
System memory in use after: 63.9 MB.

Unloading 5 unused Assets to reduce memory usage. Loaded Objects now: 1568.
Total: 1.995700 ms (FindLiveObjects: 0.239400 ms CreateObjectMapping: 0.064600 ms MarkObjects: 1.637200 ms  DeleteObjects: 0.053100 ms)

========================================================================
Received Import Request.
  Time since last request: 1033.324328 seconds.
  path: Assets/Scripts/Bullet.cs
  artifactKey: Guid(ee6d34faeb28c944999a4c8220b07612) Importer(815301076,1909f56bfc062723c751e8b465ee728b)
Start importing Assets/Scripts/Bullet.cs using Guid(ee6d34faeb28c944999a4c8220b07612) Importer(815301076,1909f56bfc062723c751e8b465ee728b)  -> (artifact id: 'f13b3dc13a2856c81f4cf5be0b960adc') in 0.009562 seconds
  Import took 0.012077 seconds .

========================================================================
Received Prepare
Registering precompiled user dll's ...
Registered in 0.000776 seconds.
Begin MonoManager ReloadAssembly
Native extension for LinuxStandalone target not found
Native extension for WindowsStandalone target not found
Refreshing native plugins compatible for Editor in 0.28 ms, found 0 plugins.
Preloading 0 native plugins for Editor in 0.00 ms.
Invoked RoslynAnalysisRunner static constructor.
RoslynAnalysisRunner will not be running.
RoslynAnalysisRunner has terminated.
Mono: successfully reloaded assembly
- Completed reload, in  1.693 seconds
Platform modules already initialized, skipping
Refreshing native plugins compatible for Editor in 0.30 ms, found 0 plugins.
Preloading 0 native plugins for Editor in 0.00 ms.
Unloading 1099 Unused Serialized files (Serialized files now loaded: 0)
System memory in use before: 64.0 MB.
System memory in use after: 64.1 MB.

Unloading 5 unused Assets to reduce memory usage. Loaded Objects now: 1570.
Total: 3.021500 ms (FindLiveObjects: 0.166400 ms CreateObjectMapping: 0.038400 ms MarkObjects: 2.735500 ms  DeleteObjects: 0.079000 ms)

========================================================================
Received Import Request.
  Time since last request: 55.711540 seconds.
  path: Assets/Resources/Prefabs/Enemy.prefab
  artifactKey: Guid(af4b6d719274bc841b44b1ecc4dfb174) Importer(815301076,1909f56bfc062723c751e8b465ee728b)
Start importing Assets/Resources/Prefabs/Enemy.prefab using Guid(af4b6d719274bc841b44b1ecc4dfb174) Importer(815301076,1909f56bfc062723c751e8b465ee728b)  -> (artifact id: '0f02a6e2ae5863c12228b2d3e4ba449a') in 0.171665 seconds
  Import took 0.174940 seconds .

========================================================================
Received Prepare
Registering precompiled user dll's ...
Registered in 0.000740 seconds.
Begin MonoManager ReloadAssembly
Native extension for LinuxStandalone target not found
Native extension for WindowsStandalone target not found
Refreshing native plugins compatible for Editor in 0.24 ms, found 0 plugins.
Preloading 0 native plugins for Editor in 0.00 ms.
Invoked RoslynAnalysisRunner static constructor.
RoslynAnalysisRunner will not be running.
RoslynAnalysisRunner has terminated.
Mono: successfully reloaded assembly
- Completed reload, in  1.081 seconds
Platform modules already initialized, skipping
Refreshing native plugins compatible for Editor in 0.28 ms, found 0 plugins.
Preloading 0 native plugins for Editor in 0.00 ms.
Unloading 1099 Unused Serialized files (Serialized files now loaded: 0)
System memory in use before: 64.2 MB.
System memory in use after: 64.3 MB.

Unloading 5 unused Assets to reduce memory usage. Loaded Objects now: 1573.
Total: 2.266600 ms (FindLiveObjects: 0.166200 ms CreateObjectMapping: 0.042000 ms MarkObjects: 1.980500 ms  DeleteObjects: 0.076800 ms)

========================================================================
Received Import Request.
  Time since last request: 3.841953 seconds.
  path: Assets/Resources/Prefabs/Enemy.prefab
  artifactKey: Guid(af4b6d719274bc841b44b1ecc4dfb174) Importer(815301076,1909f56bfc062723c751e8b465ee728b)
Start importing Assets/Resources/Prefabs/Enemy.prefab using Guid(af4b6d719274bc841b44b1ecc4dfb174) Importer(815301076,1909f56bfc062723c751e8b465ee728b)  -> (artifact id: 'e23f63148f4e2de9dff541a0c8aa7251') in 0.091110 seconds
  Import took 0.094004 seconds .

========================================================================
Received Import Request.
  Time since last request: 2.424068 seconds.
  path: Assets/Resources/Prefabs/Enemy.prefab
  artifactKey: Guid(af4b6d719274bc841b44b1ecc4dfb174) Importer(815301076,1909f56bfc062723c751e8b465ee728b)
Start importing Assets/Resources/Prefabs/Enemy.prefab using Guid(af4b6d719274bc841b44b1ecc4dfb174) Importer(815301076,1909f56bfc062723c751e8b465ee728b)  -> (artifact id: 'e23f63148f4e2de9dff541a0c8aa7251') in 0.023097 seconds
  Import took 0.025864 seconds .

========================================================================
Received Prepare
Registering precompiled user dll's ...
Registered in 0.001069 seconds.
Begin MonoManager ReloadAssembly
Native extension for LinuxStandalone target not found
Native extension for WindowsStandalone target not found
Refreshing native plugins compatible for Editor in 0.25 ms, found 0 plugins.
Preloading 0 native plugins for Editor in 0.00 ms.
Invoked RoslynAnalysisRunner static constructor.
RoslynAnalysisRunner will not be running.
RoslynAnalysisRunner has terminated.
Mono: successfully reloaded assembly
- Completed reload, in  1.089 seconds
Platform modules already initialized, skipping
Refreshing native plugins compatible for Editor in 0.34 ms, found 0 plugins.
Preloading 0 native plugins for Editor in 0.00 ms.
Unloading 1099 Unused Serialized files (Serialized files now loaded: 0)
System memory in use before: 64.4 MB.
System memory in use after: 64.5 MB.

Unloading 5 unused Assets to reduce memory usage. Loaded Objects now: 1576.
Total: 2.142300 ms (FindLiveObjects: 0.145500 ms CreateObjectMapping: 0.036400 ms MarkObjects: 1.862500 ms  DeleteObjects: 0.096600 ms)

========================================================================
Received Prepare
Registering precompiled user dll's ...
Registered in 0.000733 seconds.
Begin MonoManager ReloadAssembly
Native extension for LinuxStandalone target not found
Native extension for WindowsStandalone target not found
Refreshing native plugins compatible for Editor in 0.53 ms, found 0 plugins.
Preloading 0 native plugins for Editor in 0.00 ms.
Invoked RoslynAnalysisRunner static constructor.
RoslynAnalysisRunner will not be running.
RoslynAnalysisRunner has terminated.
Mono: successfully reloaded assembly
- Completed reload, in  1.031 seconds
Platform modules already initialized, skipping
Refreshing native plugins compatible for Editor in 0.26 ms, found 0 plugins.
Preloading 0 native plugins for Editor in 0.00 ms.
Unloading 1099 Unused Serialized files (Serialized files now loaded: 0)
System memory in use before: 64.5 MB.
System memory in use after: 64.6 MB.

Unloading 5 unused Assets to reduce memory usage. Loaded Objects now: 1578.
Total: 1.988300 ms (FindLiveObjects: 0.162200 ms CreateObjectMapping: 0.051100 ms MarkObjects: 1.716100 ms  DeleteObjects: 0.057500 ms)

AssetImportWorkerClient::OnTransportError - code=2 error=End of file
